This file contains any messages produced by compilers while
running configure, to aid debugging if configure makes a mistake.

It was created by ser2net configure 2.10.0, which was
generated by GNU Autoconf 2.69.  Invocation command line was

  $ ./configure --prefix=/home/wclin/workspace/NuCam/sources/applications/../app_fs/nuwicam --host=arm-linux --target=arm-linux

## --------- ##
## Platform. ##
## --------- ##

hostname = wclin-desktop
uname -m = x86_64
uname -r = 3.5.0-46-generic
uname -s = Linux
uname -v = #70-Ubuntu SMP Wed Jan 8 18:40:46 UTC 2014

/usr/bin/uname -p = unknown
/bin/uname -X     = unknown

/bin/arch              = unknown
/usr/bin/arch -k       = unknown
/usr/convex/getsysinfo = unknown
/usr/bin/hostinfo      = unknown
/bin/machine           = unknown
/usr/bin/oslevel       = unknown
/bin/universe          = unknown

PATH: /home/wclin/workspace/NuCam/compiler/arm_linux_4.8/bin
PATH: /usr/local/arm_linux_4.8/bin
PATH: /usr/local/arm_linux_4.2/bin
PATH: /opt/eclipse/
PATH: /usr/lib/lightdm/lightdm
PATH: /usr/local/sbin
PATH: /usr/local/bin
PATH: /usr/sbin
PATH: /usr/bin
PATH: /sbin
PATH: /bin
PATH: /usr/games
PATH: /usr/local/games


## ----------- ##
## Core tests. ##
## ----------- ##

configure:2244: checking for a BSD-compatible install
configure:2312: result: /usr/bin/install -c
configure:2323: checking whether build environment is sane
configure:2373: result: yes
configure:2422: checking for arm-linux-strip
configure:2438: found /usr/local/arm_linux_4.8/bin/arm-linux-strip
configure:2449: result: arm-linux-strip
configure:2514: checking for a thread-safe mkdir -p
configure:2553: result: /bin/mkdir -p
configure:2566: checking for gawk
configure:2582: found /usr/bin/gawk
configure:2593: result: gawk
configure:2604: checking whether make sets $(MAKE)
configure:2626: result: yes
configure:2714: checking for arm-linux-gcc
configure:2730: found /usr/local/arm_linux_4.8/bin/arm-linux-gcc
configure:2741: result: arm-linux-gcc
configure:3010: checking for C compiler version
configure:3019: arm-linux-gcc --version >&5
arm-linux-gcc (GCC) 4.8.4
Copyright (C) 2013 Free Software Foundation, Inc.
This is free software; see the source for copying conditions.  There is NO
warranty; not even for MERCHANTABILITY or FITNESS FOR A PARTICULAR PURPOSE.

configure:3030: $? = 0
configure:3019: arm-linux-gcc -v >&5
Using built-in specs.
COLLECT_GCC=arm-linux-gcc
COLLECT_LTO_WRAPPER=/home/wclin/workspace/PRJ/NuCam/compiler/arm_linux_4.8/bin/../libexec/gcc/arm-nuvoton-linux-uclibceabi/4.8.4/lto-wrapper
Target: arm-nuvoton-linux-uclibceabi
Configured with: ../configure --prefix=/usr/local/arm_linux_4.8 --target=arm-nuvoton-linux-uclibceabi --enable-static --disable-__cxa_atexit --with-gnu-ld --disable-libssp --disable-multilib --enable-target-optspace --disable-libsanitizer --enable-tls --disable-libmudflap --enable-threads --without-isl --without-cloog --with-float=soft --disable-decimal-float --with-abi=aapcs-linux --with-cpu=arm926ej-s --with-float=soft --with-mode=arm --enable-languages=c,c++ --enable-poison-system-directories --enable-shared --disable-libgomp --with-sysroot=/usr/local/arm_linux_4.8 --with-build-time-tools=/usr/local/arm_linux_4.8/arm-nuvoton-linux-uclibceabi/bin --enable-shared
Thread model: posix
gcc version 4.8.4 (GCC) 
configure:3030: $? = 0
configure:3019: arm-linux-gcc -V >&5
arm-linux-gcc: error: unrecognized command line option '-V'
arm-linux-gcc: fatal error: no input files
compilation terminated.
configure:3030: $? = 1
configure:3019: arm-linux-gcc -qversion >&5
arm-linux-gcc: error: unrecognized command line option '-qversion'
arm-linux-gcc: fatal error: no input files
compilation terminated.
configure:3030: $? = 1
configure:3050: checking whether the C compiler works
configure:3072: arm-linux-gcc    conftest.c  >&5
configure:3076: $? = 0
configure:3124: result: yes
configure:3127: checking for C compiler default output file name
configure:3129: result: a.out
configure:3135: checking for suffix of executables
configure:3142: arm-linux-gcc -o conftest    conftest.c  >&5
configure:3146: $? = 0
configure:3168: result: 
configure:3190: checking whether we are cross compiling
configure:3198: arm-linux-gcc -o conftest    conftest.c  >&5
configure:3202: $? = 0
configure:3209: ./conftest
./configure: line 3211: ./conftest: cannot execute binary file
configure:3213: $? = 126
configure:3228: result: yes
configure:3233: checking for suffix of object files
configure:3255: arm-linux-gcc -c   conftest.c >&5
configure:3259: $? = 0
configure:3280: result: o
configure:3284: checking whether we are using the GNU C compiler
configure:3303: arm-linux-gcc -c   conftest.c >&5
configure:3303: $? = 0
configure:3312: result: yes
configure:3321: checking whether arm-linux-gcc accepts -g
configure:3341: arm-linux-gcc -c -g  conftest.c >&5
configure:3341: $? = 0
configure:3382: result: yes
configure:3399: checking for arm-linux-gcc option to accept ISO C89
configure:3462: arm-linux-gcc  -c -g -O2  conftest.c >&5
configure:3462: $? = 0
configure:3475: result: none needed
configure:3506: checking for style of include used by make
configure:3534: result: GNU
configure:3560: checking dependency style of arm-linux-gcc
configure:3671: result: gcc3
configure:3715: checking build system type
configure:3729: result: x86_64-unknown-linux-gnu
configure:3749: checking host system type
configure:3762: result: arm-unknown-linux-gnu
configure:3803: checking how to print strings
configure:3830: result: printf
configure:3851: checking for a sed that does not truncate output
configure:3915: result: /bin/sed
configure:3933: checking for grep that handles long lines and -e
configure:3991: result: /bin/grep
configure:3996: checking for egrep
configure:4058: result: /bin/grep -E
configure:4063: checking for fgrep
configure:4125: result: /bin/grep -F
configure:4160: checking for ld used by arm-linux-gcc
configure:4227: result: /home/wclin/workspace/PRJ/NuCam/compiler/arm_linux_4.8/arm-nuvoton-linux-uclibceabi/bin/ld
configure:4234: checking if the linker (/home/wclin/workspace/PRJ/NuCam/compiler/arm_linux_4.8/arm-nuvoton-linux-uclibceabi/bin/ld) is GNU ld
configure:4249: result: yes
configure:4261: checking for BSD- or MS-compatible name lister (nm)
configure:4310: result: /usr/local/arm_linux_4.8/bin/arm-linux-nm -B
configure:4440: checking the name lister (/usr/local/arm_linux_4.8/bin/arm-linux-nm -B) interface
configure:4447: arm-linux-gcc -c -g -O2  conftest.c >&5
configure:4450: /usr/local/arm_linux_4.8/bin/arm-linux-nm -B "conftest.o"
configure:4453: output
00000000 B some_variable
configure:4460: result: BSD nm
configure:4463: checking whether ln -s works
configure:4467: result: yes
configure:4475: checking the maximum length of command line arguments
configure:4605: result: 1572864
configure:4622: checking whether the shell understands some XSI constructs
configure:4632: result: yes
configure:4636: checking whether the shell understands "+="
configure:4642: result: yes
configure:4677: checking how to convert x86_64-unknown-linux-gnu file names to arm-unknown-linux-gnu format
configure:4717: result: func_convert_file_noop
configure:4724: checking how to convert x86_64-unknown-linux-gnu file names to toolchain format
configure:4744: result: func_convert_file_noop
configure:4751: checking for /home/wclin/workspace/PRJ/NuCam/compiler/arm_linux_4.8/arm-nuvoton-linux-uclibceabi/bin/ld option to reload object files
configure:4758: result: -r
configure:4792: checking for arm-linux-objdump
configure:4808: found /usr/local/arm_linux_4.8/bin/arm-linux-objdump
configure:4819: result: arm-linux-objdump
configure:4891: checking how to recognize dependent libraries
configure:5093: result: pass_all
configure:5138: checking for arm-linux-dlltool
configure:5168: result: no
configure:5178: checking for dlltool
configure:5208: result: no
configure:5238: checking how to associate runtime and link libraries
configure:5265: result: printf %s\n
configure:5282: checking for arm-linux-ar
configure:5298: found /usr/local/arm_linux_4.8/bin/arm-linux-ar
configure:5309: result: arm-linux-ar
configure:5390: checking for archiver @FILE support
configure:5407: arm-linux-gcc -c -g -O2  conftest.c >&5
configure:5407: $? = 0
configure:5410: arm-linux-ar cru libconftest.a @conftest.lst >&5
configure:5413: $? = 0
configure:5418: arm-linux-ar cru libconftest.a @conftest.lst >&5
arm-linux-ar: conftest.o: No such file or directory
configure:5421: $? = 1
configure:5433: result: @
configure:5451: checking for arm-linux-strip
configure:5478: result: arm-linux-strip
configure:5550: checking for arm-linux-ranlib
configure:5566: found /usr/local/arm_linux_4.8/bin/arm-linux-ranlib
configure:5577: result: arm-linux-ranlib
configure:5719: checking command to parse /usr/local/arm_linux_4.8/bin/arm-linux-nm -B output from arm-linux-gcc object
configure:5839: arm-linux-gcc -c -g -O2  conftest.c >&5
configure:5842: $? = 0
configure:5846: /usr/local/arm_linux_4.8/bin/arm-linux-nm -B conftest.o \| sed -n -e 's/^.*[ ]\([ABCDGIRSTW][ABCDGIRSTW]*\)[ ][ ]*\([_A-Za-z][_A-Za-z0-9]*\)$/\1 \2 \2/p' | sed '/ __gnu_lto/d' \> conftest.nm
configure:5849: $? = 0
configure:5915: arm-linux-gcc -o conftest -g -O2   conftest.c conftstm.o >&5
configure:5918: $? = 0
configure:5956: result: ok
configure:5993: checking for sysroot
configure:6023: result: no
configure:6239: checking for arm-linux-mt
configure:6269: result: no
configure:6279: checking for mt
configure:6295: found /bin/mt
configure:6306: result: mt
configure:6318: WARNING: using cross tools not prefixed with host triplet
configure:6329: checking if mt is a manifest tool
configure:6335: mt '-?'
configure:6343: result: no
configure:6985: checking how to run the C preprocessor
configure:7016: arm-linux-gcc -E  conftest.c
configure:7016: $? = 0
configure:7030: arm-linux-gcc -E  conftest.c
conftest.c:11:28: fatal error: ac_nonexistent.h: No such file or directory
 #include <ac_nonexistent.h>
                            ^
compilation terminated.
configure:7030: $? = 1
configure: failed program was:
| /* confdefs.h */
| #define PACKAGE_NAME "ser2net"
| #define PACKAGE_TARNAME "ser2net"
| #define PACKAGE_VERSION "2.10.0"
| #define PACKAGE_STRING "ser2net 2.10.0"
| #define PACKAGE_BUGREPORT "minyard@acm.org"
| #define PACKAGE_URL ""
| #define PACKAGE "ser2net"
| #define VERSION "2.10.0"
| /* end confdefs.h.  */
| #include <ac_nonexistent.h>
configure:7055: result: arm-linux-gcc -E
configure:7075: arm-linux-gcc -E  conftest.c
configure:7075: $? = 0
configure:7089: arm-linux-gcc -E  conftest.c
conftest.c:11:28: fatal error: ac_nonexistent.h: No such file or directory
 #include <ac_nonexistent.h>
                            ^
compilation terminated.
configure:7089: $? = 1
configure: failed program was:
| /* confdefs.h */
| #define PACKAGE_NAME "ser2net"
| #define PACKAGE_TARNAME "ser2net"
| #define PACKAGE_VERSION "2.10.0"
| #define PACKAGE_STRING "ser2net 2.10.0"
| #define PACKAGE_BUGREPORT "minyard@acm.org"
| #define PACKAGE_URL ""
| #define PACKAGE "ser2net"
| #define VERSION "2.10.0"
| /* end confdefs.h.  */
| #include <ac_nonexistent.h>
configure:7118: checking for ANSI C header files
configure:7138: arm-linux-gcc -c -g -O2  conftest.c >&5
configure:7138: $? = 0
configure:7222: result: yes
configure:7235: checking for sys/types.h
configure:7235: arm-linux-gcc -c -g -O2  conftest.c >&5
configure:7235: $? = 0
configure:7235: result: yes
configure:7235: checking for sys/stat.h
configure:7235: arm-linux-gcc -c -g -O2  conftest.c >&5
configure:7235: $? = 0
configure:7235: result: yes
configure:7235: checking for stdlib.h
configure:7235: arm-linux-gcc -c -g -O2  conftest.c >&5
configure:7235: $? = 0
configure:7235: result: yes
configure:7235: checking for string.h
configure:7235: arm-linux-gcc -c -g -O2  conftest.c >&5
configure:7235: $? = 0
configure:7235: result: yes
configure:7235: checking for memory.h
configure:7235: arm-linux-gcc -c -g -O2  conftest.c >&5
configure:7235: $? = 0
configure:7235: result: yes
configure:7235: checking for strings.h
configure:7235: arm-linux-gcc -c -g -O2  conftest.c >&5
configure:7235: $? = 0
configure:7235: result: yes
configure:7235: checking for inttypes.h
configure:7235: arm-linux-gcc -c -g -O2  conftest.c >&5
configure:7235: $? = 0
configure:7235: result: yes
configure:7235: checking for stdint.h
configure:7235: arm-linux-gcc -c -g -O2  conftest.c >&5
configure:7235: $? = 0
configure:7235: result: yes
configure:7235: checking for unistd.h
configure:7235: arm-linux-gcc -c -g -O2  conftest.c >&5
configure:7235: $? = 0
configure:7235: result: yes
configure:7249: checking for dlfcn.h
configure:7249: arm-linux-gcc -c -g -O2  conftest.c >&5
configure:7249: $? = 0
configure:7249: result: yes
configure:7455: checking for objdir
configure:7470: result: .libs
configure:7741: checking if arm-linux-gcc supports -fno-rtti -fno-exceptions
configure:7759: arm-linux-gcc -c -g -O2  -fno-rtti -fno-exceptions conftest.c >&5
cc1: warning: command line option '-fno-rtti' is valid for C++/ObjC++ but not for C [enabled by default]
configure:7763: $? = 0
configure:7776: result: no
configure:8103: checking for arm-linux-gcc option to produce PIC
configure:8110: result: -fPIC -DPIC
configure:8118: checking if arm-linux-gcc PIC flag -fPIC -DPIC works
configure:8136: arm-linux-gcc -c -g -O2  -fPIC -DPIC -DPIC conftest.c >&5
configure:8140: $? = 0
configure:8153: result: yes
configure:8182: checking if arm-linux-gcc static flag -static works
configure:8210: result: yes
configure:8225: checking if arm-linux-gcc supports -c -o file.o
configure:8246: arm-linux-gcc -c -g -O2  -o out/conftest2.o conftest.c >&5
configure:8250: $? = 0
configure:8272: result: yes
configure:8280: checking if arm-linux-gcc supports -c -o file.o
configure:8327: result: yes
configure:8360: checking whether the arm-linux-gcc linker (/home/wclin/workspace/PRJ/NuCam/compiler/arm_linux_4.8/arm-nuvoton-linux-uclibceabi/bin/ld) supports shared libraries
configure:9517: result: yes
configure:9554: checking whether -lc should be explicitly linked in
configure:9562: arm-linux-gcc -c -g -O2  conftest.c >&5
configure:9565: $? = 0
configure:9580: arm-linux-gcc -shared  -fPIC -DPIC conftest.o  -v -Wl,-soname -Wl,conftest -o conftest 2\>\&1 \| /bin/grep  -lc  \>/dev/null 2\>\&1
configure:9583: $? = 0
configure:9597: result: no
configure:9757: checking dynamic linker characteristics
configure:10268: arm-linux-gcc -o conftest -g -O2   -Wl,-rpath -Wl,/foo conftest.c  >&5
configure:10268: $? = 0
configure:10502: result: GNU/Linux ld.so
configure:10609: checking how to hardcode library paths into programs
configure:10634: result: immediate
configure:11174: checking whether stripping libraries is possible
configure:11179: result: yes
configure:11214: checking if libtool supports shared libraries
configure:11216: result: yes
configure:11219: checking whether to build shared libraries
configure:11240: result: yes
configure:11243: checking whether to build static libraries
configure:11247: result: yes
configure:11359: checking for ANSI C header files
configure:11463: result: yes
configure:11471: checking for main in -lnsl
configure:11490: arm-linux-gcc -o conftest -g -O2   conftest.c -lnsl   >&5
configure:11490: $? = 0
configure:11499: result: yes
configure:11678: creating ./config.status

## ---------------------- ##
## Running config.status. ##
## ---------------------- ##

This file was extended by ser2net config.status 2.10.0, which was
generated by GNU Autoconf 2.69.  Invocation command line was

  CONFIG_FILES    = 
  CONFIG_HEADERS  = 
  CONFIG_LINKS    = 
  CONFIG_COMMANDS = 
  $ ./config.status 

on wclin-desktop

config.status:1000: creating Makefile
config.status:1000: creating ser2net.spec
config.status:1172: executing depfiles commands
config.status:1172: executing libtool commands

## ---------------- ##
## Cache variables. ##
## ---------------- ##

ac_cv_build=x86_64-unknown-linux-gnu
ac_cv_c_compiler_gnu=yes
ac_cv_env_CC_set=
ac_cv_env_CC_value=
ac_cv_env_CFLAGS_set=
ac_cv_env_CFLAGS_value=
ac_cv_env_CPPFLAGS_set=
ac_cv_env_CPPFLAGS_value=
ac_cv_env_CPP_set=
ac_cv_env_CPP_value=
ac_cv_env_LDFLAGS_set=
ac_cv_env_LDFLAGS_value=
ac_cv_env_LIBS_set=
ac_cv_env_LIBS_value=
ac_cv_env_build_alias_set=
ac_cv_env_build_alias_value=
ac_cv_env_host_alias_set=set
ac_cv_env_host_alias_value=arm-linux
ac_cv_env_target_alias_set=set
ac_cv_env_target_alias_value=arm-linux
ac_cv_header_dlfcn_h=yes
ac_cv_header_inttypes_h=yes
ac_cv_header_memory_h=yes
ac_cv_header_stdc=yes
ac_cv_header_stdint_h=yes
ac_cv_header_stdlib_h=yes
ac_cv_header_string_h=yes
ac_cv_header_strings_h=yes
ac_cv_header_sys_stat_h=yes
ac_cv_header_sys_types_h=yes
ac_cv_header_unistd_h=yes
ac_cv_host=arm-unknown-linux-gnu
ac_cv_lib_nsl_main=yes
ac_cv_objext=o
ac_cv_path_EGREP='/bin/grep -E'
ac_cv_path_FGREP='/bin/grep -F'
ac_cv_path_GREP=/bin/grep
ac_cv_path_SED=/bin/sed
ac_cv_path_install='/usr/bin/install -c'
ac_cv_path_mkdir=/bin/mkdir
ac_cv_prog_AR=arm-linux-ar
ac_cv_prog_AWK=gawk
ac_cv_prog_CC=arm-linux-gcc
ac_cv_prog_CPP='arm-linux-gcc -E'
ac_cv_prog_OBJDUMP=arm-linux-objdump
ac_cv_prog_RANLIB=arm-linux-ranlib
ac_cv_prog_STRIP=arm-linux-strip
ac_cv_prog_ac_ct_MANIFEST_TOOL=mt
ac_cv_prog_cc_c89=
ac_cv_prog_cc_g=yes
ac_cv_prog_make_make_set=yes
am_cv_CC_dependencies_compiler_type=gcc3
lt_cv_ar_at_file=@
lt_cv_archive_cmds_need_lc=no
lt_cv_deplibs_check_method=pass_all
lt_cv_file_magic_cmd='$MAGIC_CMD'
lt_cv_file_magic_test_file=
lt_cv_ld_reload_flag=-r
lt_cv_nm_interface='BSD nm'
lt_cv_objdir=.libs
lt_cv_path_LD=/home/wclin/workspace/PRJ/NuCam/compiler/arm_linux_4.8/arm-nuvoton-linux-uclibceabi/bin/ld
lt_cv_path_NM='/usr/local/arm_linux_4.8/bin/arm-linux-nm -B'
lt_cv_path_mainfest_tool=no
lt_cv_prog_compiler_c_o=yes
lt_cv_prog_compiler_pic='-fPIC -DPIC'
lt_cv_prog_compiler_pic_works=yes
lt_cv_prog_compiler_rtti_exceptions=no
lt_cv_prog_compiler_static_works=yes
lt_cv_prog_gnu_ld=yes
lt_cv_sharedlib_from_linklib_cmd='printf %s\n'
lt_cv_shlibpath_overrides_runpath=no
lt_cv_sys_global_symbol_pipe='sed -n -e '\''s/^.*[	 ]\([ABCDGIRSTW][ABCDGIRSTW]*\)[	 ][	 ]*\([_A-Za-z][_A-Za-z0-9]*\)$/\1 \2 \2/p'\'' | sed '\''/ __gnu_lto/d'\'''
lt_cv_sys_global_symbol_to_c_name_address='sed -n -e '\''s/^: \([^ ]*\)[ ]*$/  {\"\1\", (void *) 0},/p'\'' -e '\''s/^[ABCDGIRSTW]* \([^ ]*\) \([^ ]*\)$/  {"\2", (void *) \&\2},/p'\'''
lt_cv_sys_global_symbol_to_c_name_address_lib_prefix='sed -n -e '\''s/^: \([^ ]*\)[ ]*$/  {\"\1\", (void *) 0},/p'\'' -e '\''s/^[ABCDGIRSTW]* \([^ ]*\) \(lib[^ ]*\)$/  {"\2", (void *) \&\2},/p'\'' -e '\''s/^[ABCDGIRSTW]* \([^ ]*\) \([^ ]*\)$/  {"lib\2", (void *) \&\2},/p'\'''
lt_cv_sys_global_symbol_to_cdecl='sed -n -e '\''s/^T .* \(.*\)$/extern int \1();/p'\'' -e '\''s/^[ABCDGIRSTW]* .* \(.*\)$/extern char \1;/p'\'''
lt_cv_sys_max_cmd_len=1572864
lt_cv_to_host_file_cmd=func_convert_file_noop
lt_cv_to_tool_file_cmd=func_convert_file_noop

## ----------------- ##
## Output variables. ##
## ----------------- ##

ACLOCAL='${SHELL} /home/wclin/workspace/NuCam/sources/applications/ser2net-2.10.0/missing --run aclocal-1.11'
AMDEPBACKSLASH='\'
AMDEP_FALSE='#'
AMDEP_TRUE=''
AMTAR='$${TAR-tar}'
AR='arm-linux-ar'
AUTOCONF='${SHELL} /home/wclin/workspace/NuCam/sources/applications/ser2net-2.10.0/missing --run autoconf'
AUTOHEADER='${SHELL} /home/wclin/workspace/NuCam/sources/applications/ser2net-2.10.0/missing --run autoheader'
AUTOMAKE='${SHELL} /home/wclin/workspace/NuCam/sources/applications/ser2net-2.10.0/missing --run automake-1.11'
AWK='gawk'
CC='arm-linux-gcc'
CCDEPMODE='depmode=gcc3'
CFLAGS='-g -O2'
CPP='arm-linux-gcc -E'
CPPFLAGS=''
CYGPATH_W='echo'
DEFS='-DPACKAGE_NAME=\"ser2net\" -DPACKAGE_TARNAME=\"ser2net\" -DPACKAGE_VERSION=\"2.10.0\" -DPACKAGE_STRING=\"ser2net\ 2.10.0\" -DPACKAGE_BUGREPORT=\"minyard@acm.org\" -DPACKAGE_URL=\"\" -DPACKAGE=\"ser2net\" -DVERSION=\"2.10.0\" -DSTDC_HEADERS=1 -DHAVE_SYS_TYPES_H=1 -DHAVE_SYS_STAT_H=1 -DHAVE_STDLIB_H=1 -DHAVE_STRING_H=1 -DHAVE_MEMORY_H=1 -DHAVE_STRINGS_H=1 -DHAVE_INTTYPES_H=1 -DHAVE_STDINT_H=1 -DHAVE_UNISTD_H=1 -DHAVE_DLFCN_H=1 -DLT_OBJDIR=\".libs/\" -DUSE_UUCP_LOCKING=1 -DSTDC_HEADERS=1 -DHAVE_LIBNSL=1'
DEPDIR='.deps'
DLLTOOL='false'
DSYMUTIL=''
DUMPBIN=''
ECHO_C=''
ECHO_N='-n'
ECHO_T=''
EGREP='/bin/grep -E'
EXEEXT=''
FGREP='/bin/grep -F'
GREP='/bin/grep'
INSTALL_DATA='${INSTALL} -m 644'
INSTALL_PROGRAM='${INSTALL}'
INSTALL_SCRIPT='${INSTALL}'
INSTALL_STRIP_PROGRAM='$(install_sh) -c -s'
LD='/home/wclin/workspace/PRJ/NuCam/compiler/arm_linux_4.8/arm-nuvoton-linux-uclibceabi/bin/ld'
LDFLAGS=''
LIBOBJS=''
LIBS='-lnsl '
LIBTOOL='$(SHELL) $(top_builddir)/libtool'
LIPO=''
LN_S='ln -s'
LTLIBOBJS=''
MAKEINFO='${SHELL} /home/wclin/workspace/NuCam/sources/applications/ser2net-2.10.0/missing --run makeinfo'
MANIFEST_TOOL=':'
MKDIR_P='/bin/mkdir -p'
NM='/usr/local/arm_linux_4.8/bin/arm-linux-nm -B'
NMEDIT=''
OBJDUMP='arm-linux-objdump'
OBJEXT='o'
OTOOL64=''
OTOOL=''
PACKAGE='ser2net'
PACKAGE_BUGREPORT='minyard@acm.org'
PACKAGE_NAME='ser2net'
PACKAGE_STRING='ser2net 2.10.0'
PACKAGE_TARNAME='ser2net'
PACKAGE_URL=''
PACKAGE_VERSION='2.10.0'
PATH_SEPARATOR=':'
RANLIB='arm-linux-ranlib'
SED='/bin/sed'
SET_MAKE=''
SHELL='/bin/bash'
STRIP='arm-linux-strip'
VERSION='2.10.0'
ac_ct_AR=''
ac_ct_CC=''
ac_ct_DUMPBIN=''
am__EXEEXT_FALSE=''
am__EXEEXT_TRUE='#'
am__fastdepCC_FALSE='#'
am__fastdepCC_TRUE=''
am__include='include'
am__isrc=''
am__leading_dot='.'
am__nodep='_no'
am__quote=''
am__tar='$${TAR-tar} chof - "$$tardir"'
am__untar='$${TAR-tar} xf -'
bindir='${exec_prefix}/bin'
build='x86_64-unknown-linux-gnu'
build_alias=''
build_cpu='x86_64'
build_os='linux-gnu'
build_vendor='unknown'
datadir='${datarootdir}'
datarootdir='${prefix}/share'
docdir='${datarootdir}/doc/${PACKAGE_TARNAME}'
dvidir='${docdir}'
exec_prefix='${prefix}'
host='arm-unknown-linux-gnu'
host_alias='arm-linux'
host_cpu='arm'
host_os='linux-gnu'
host_vendor='unknown'
htmldir='${docdir}'
includedir='${prefix}/include'
infodir='${datarootdir}/info'
install_sh='${SHELL} /home/wclin/workspace/NuCam/sources/applications/ser2net-2.10.0/install-sh'
libdir='${exec_prefix}/lib'
libexecdir='${exec_prefix}/libexec'
localedir='${datarootdir}/locale'
localstatedir='${prefix}/var'
mandir='${datarootdir}/man'
mkdir_p='/bin/mkdir -p'
oldincludedir='/usr/include'
pdfdir='${docdir}'
prefix='/home/wclin/workspace/NuCam/sources/applications/../app_fs/nuwicam'
program_transform_name='s,x,x,'
psdir='${docdir}'
sbindir='${exec_prefix}/sbin'
sharedstatedir='${prefix}/com'
sysconfdir='${prefix}/etc'
target_alias='arm-linux'

## ----------- ##
## confdefs.h. ##
## ----------- ##

/* confdefs.h */
#define PACKAGE_NAME "ser2net"
#define PACKAGE_TARNAME "ser2net"
#define PACKAGE_VERSION "2.10.0"
#define PACKAGE_STRING "ser2net 2.10.0"
#define PACKAGE_BUGREPORT "minyard@acm.org"
#define PACKAGE_URL ""
#define PACKAGE "ser2net"
#define VERSION "2.10.0"
#define STDC_HEADERS 1
#define HAVE_SYS_TYPES_H 1
#define HAVE_SYS_STAT_H 1
#define HAVE_STDLIB_H 1
#define HAVE_STRING_H 1
#define HAVE_MEMORY_H 1
#define HAVE_STRINGS_H 1
#define HAVE_INTTYPES_H 1
#define HAVE_STDINT_H 1
#define HAVE_UNISTD_H 1
#define HAVE_DLFCN_H 1
#define LT_OBJDIR ".libs/"
#define USE_UUCP_LOCKING 1
#define STDC_HEADERS 1
#define HAVE_LIBNSL 1

configure: exit 0
